#
# There is insufficient memory for the Java Runtime Environment to continue.
# Native memory allocation (mmap) failed to map 132120576 bytes for Failed to commit area from 0x0000000083a00000 to 0x000000008b800000 of length 132120576.
# Possible reasons:
#   The system is out of physical RAM or swap space
#   The process is running with CompressedOops enabled, and the Java Heap may be blocking the growth of the native heap
# Possible solutions:
#   Reduce memory load on the system
#   Increase physical memory or swap space
#   Check if swap backing store is full
#   Decrease Java heap size (-Xmx/-Xms)
#   Decrease number of Java threads
#   Decrease Java thread stack sizes (-Xss)
#   Set larger code cache with -XX:ReservedCodeCacheSize=
# This output file may be truncated or incomplete.
#
#  Out of Memory Error (src/hotspot/os/windows/os_windows.cpp:3624), pid=23172, tid=10196
#
# JRE version:  (11.0.14.1+1) (build )
# Java VM: OpenJDK 64-Bit Server VM (11.0.14.1+1-b2043.25, mixed mode, sharing, tiered, compressed oops, g1 gc, windows-amd64)
# No core dump will be written. Minidumps are not enabled by default on client versions of Windows
#

---------------  S U M M A R Y ------------

Command Line: git4idea.http.GitAskPassApp Username for 'https://gitlab.com': 

Host: Intel(R) Core(TM) i5-1035G1 CPU @ 1.00GHz, 8 cores, 7G,  Windows 11 , 64 bit Build 22000 (10.0.22000.708)
Time: Tue Sep 13 14:45:58 2022 SE Asia Standard Time elapsed time: 0.028094 seconds (0d 0h 0m 0s)

---------------  T H R E A D  ---------------

Current thread (0x0000026c518cf000):  JavaThread "Unknown thread" [_thread_in_vm, id=10196, stack(0x0000007c4db00000,0x0000007c4dc00000)]

Stack: [0x0000007c4db00000,0x0000007c4dc00000]
Native frames: (J=compiled Java code, j=interpreted, Vv=VM code, C=native code)
V  [jvm.dll+0x61618a]
V  [jvm.dll+0x79c450]
V  [jvm.dll+0x79da6d]
V  [jvm.dll+0x79e143]
V  [jvm.dll+0x24c968]
V  [jvm.dll+0x6131f4]
V  [jvm.dll+0x607ef5]
V  [jvm.dll+0x30b35b]
V  [jvm.dll+0x30b2ca]
V  [jvm.dll+0x30b1a2]
V  [jvm.dll+0x3100f6]
V  [jvm.dll+0x35b7e3]
V  [jvm.dll+0x35bee6]
V  [jvm.dll+0x35b8e3]
V  [jvm.dll+0x2e5b68]
V  [jvm.dll+0x2e6d17]
V  [jvm.dll+0x779087]
V  [jvm.dll+0x77a87c]
V  [jvm.dll+0x368d99]
V  [jvm.dll+0x75c9de]
V  [jvm.dll+0x3d6d53]
V  [jvm.dll+0x3d92f1]
C  [jli.dll+0x536b]
C  [ucrtbase.dll+0x26c0c]
C  [KERNEL32.DLL+0x154e0]
C  [ntdll.dll+0x485b]


---------------  P R O C E S S  ---------------

Threads class SMR info:
_java_thread_list=0x0000026c4f6a1580, length=0, elements={
}

Java Threads: ( => current thread )

Other Threads:
  0x0000026c518e8800 GCTaskThread "GC Thread#0" [stack: 0x0000007c4dc00000,0x0000007c4dd00000] [id=7724]
  0x0000026c51919000 ConcurrentGCThread "G1 Main Marker" [stack: 0x0000007c4dd00000,0x0000007c4de00000] [id=23492]
  0x0000026c5191b800 ConcurrentGCThread "G1 Conc#0" [stack: 0x0000007c4de00000,0x0000007c4df00000] [id=16452]

[error occurred during error reporting (printing all threads), id 0xc0000005, EXCEPTION_ACCESS_VIOLATION (0xc0000005) at pc=0x00007ff8eb1e6177]

VM state:not at safepoint (not fully initialized)

VM Mutex/Monitor currently owned by a thread:  ([mutex/lock_event])
[0x0000026c518cbcd0] Heap_lock - owner thread: 0x0000026c518cf000

Heap address: 0x0000000083a00000, size: 1990 MB, Compressed Oops mode: Non-zero based: 0x0000000083a00000
Narrow klass base: 0x0000000000000000, Narrow klass shift: 0

GC Heap History (0 events):
No events

Deoptimization events (0 events):
No events

Classes redefined (0 events):
No events

Internal exceptions (0 events):
No events

Events (1 events):
Event: 0.019 Loaded shared library C:\Program Files\JetBrains\PhpStorm 2022.1\jbr\bin\zip.dll


Dynamic libraries:
0x00007ff7450e0000 - 0x00007ff7450ea000 	C:\Program Files\JetBrains\PhpStorm 2022.1\jbr\bin\java.exe
0x00007ff9380e0000 - 0x00007ff9382e9000 	C:\WINDOWS\SYSTEM32\ntdll.dll
0x00007ff937200000 - 0x00007ff9372bd000 	C:\WINDOWS\System32\KERNEL32.DLL
0x00007ff935aa0000 - 0x00007ff935e1d000 	C:\WINDOWS\System32\KERNELBASE.dll
0x00007ff9355c0000 - 0x00007ff9356d1000 	C:\WINDOWS\System32\ucrtbase.dll
0x00007ff90e1f0000 - 0x00007ff90e209000 	C:\Program Files\JetBrains\PhpStorm 2022.1\jbr\bin\jli.dll
0x00007ff937b50000 - 0x00007ff937cfd000 	C:\WINDOWS\System32\USER32.dll
0x00007ff935f40000 - 0x00007ff935f66000 	C:\WINDOWS\System32\win32u.dll
0x00007ff938070000 - 0x00007ff938099000 	C:\WINDOWS\System32\GDI32.dll
0x00007ff935e20000 - 0x00007ff935f38000 	C:\WINDOWS\System32\gdi32full.dll
0x00007ff935890000 - 0x00007ff93592d000 	C:\WINDOWS\System32\msvcp_win.dll
0x00007ff91b170000 - 0x00007ff91b415000 	C:\WINDOWS\WinSxS\amd64_microsoft.windows.common-controls_6595b64144ccf1df_6.0.22000.120_none_9d947278b86cc467\COMCTL32.dll
0x00007ff9362f0000 - 0x00007ff936393000 	C:\WINDOWS\System32\msvcrt.dll
0x00007ff8f95a0000 - 0x00007ff8f95b6000 	C:\Program Files\JetBrains\PhpStorm 2022.1\jbr\bin\VCRUNTIME140.dll
0x00007ff936e50000 - 0x00007ff936e81000 	C:\WINDOWS\System32\IMM32.DLL
0x00007ff8f5270000 - 0x00007ff8f531a000 	C:\Program Files\JetBrains\PhpStorm 2022.1\jbr\bin\msvcp140.dll
0x00007ff8eaef0000 - 0x00007ff8eba6a000 	C:\Program Files\JetBrains\PhpStorm 2022.1\jbr\bin\server\jvm.dll
0x00007ff937150000 - 0x00007ff9371fe000 	C:\WINDOWS\System32\ADVAPI32.dll
0x00007ff936c60000 - 0x00007ff936cfe000 	C:\WINDOWS\System32\sechost.dll
0x00007ff936ea0000 - 0x00007ff936fc0000 	C:\WINDOWS\System32\RPCRT4.dll
0x00007ff936e90000 - 0x00007ff936e98000 	C:\WINDOWS\System32\PSAPI.DLL
0x00007ff92cba0000 - 0x00007ff92cbaa000 	C:\WINDOWS\SYSTEM32\VERSION.dll
0x00007ff9332d0000 - 0x00007ff933303000 	C:\WINDOWS\SYSTEM32\WINMM.dll
0x00007ff91f9f0000 - 0x00007ff91f9f9000 	C:\WINDOWS\SYSTEM32\WSOCK32.dll
0x00007ff936bf0000 - 0x00007ff936c5f000 	C:\WINDOWS\System32\WS2_32.dll
0x00007ff934680000 - 0x00007ff934698000 	C:\WINDOWS\SYSTEM32\kernel.appcore.dll
0x00007ff91c590000 - 0x00007ff91c5a1000 	C:\Program Files\JetBrains\PhpStorm 2022.1\jbr\bin\verify.dll
0x00007ff9330a0000 - 0x00007ff9332c1000 	C:\WINDOWS\SYSTEM32\DBGHELP.DLL
0x00007ff932f00000 - 0x00007ff932f31000 	C:\WINDOWS\SYSTEM32\dbgcore.DLL
0x00007ff935810000 - 0x00007ff93588f000 	C:\WINDOWS\System32\bcryptPrimitives.dll
0x00007ff91c560000 - 0x00007ff91c589000 	C:\Program Files\JetBrains\PhpStorm 2022.1\jbr\bin\java.dll
0x00007ff91c550000 - 0x00007ff91c55b000 	C:\Program Files\JetBrains\PhpStorm 2022.1\jbr\bin\jimage.dll
0x00007ff91c530000 - 0x00007ff91c549000 	C:\Program Files\JetBrains\PhpStorm 2022.1\jbr\bin\zip.dll

dbghelp: loaded successfully - version: 4.0.5 - missing functions: none
symbol engine: initialized successfully - sym options: 0x614 - pdb path: .;C:\Program Files\JetBrains\PhpStorm 2022.1\jbr\bin;C:\WINDOWS\SYSTEM32;C:\WINDOWS\WinSxS\amd64_microsoft.windows.common-controls_6595b64144ccf1df_6.0.22000.120_none_9d947278b86cc467;C:\Program Files\JetBrains\PhpStorm 2022.1\jbr\bin\server

VM Arguments:
java_command: git4idea.http.GitAskPassApp Username for 'https://gitlab.com': 
java_class_path (initial): C:/Program Files/JetBrains/PhpStorm 2022.1/plugins/git4idea/lib/git4idea-rt.jar;C:/Program Files/JetBrains/PhpStorm 2022.1/lib/externalProcess-rt.jar;C:/Program Files/JetBrains/PhpStorm 2022.1/lib/app.jar;C:/Program Files/JetBrains/PhpStorm 2022.1/lib/3rd-party-rt.jar
Launcher Type: SUN_STANDARD

[Global flags]
     intx CICompilerCount                          = 4                                         {product} {ergonomic}
     uint ConcGCThreads                            = 2                                         {product} {ergonomic}
     uint G1ConcRefinementThreads                  = 8                                         {product} {ergonomic}
   size_t G1HeapRegionSize                         = 1048576                                   {product} {ergonomic}
    uintx GCDrainStackTargetSize                   = 64                                        {product} {ergonomic}
   size_t InitialHeapSize                          = 132120576                                 {product} {ergonomic}
   size_t MarkStackSize                            = 4194304                                   {product} {ergonomic}
   size_t MaxHeapSize                              = 2086666240                                {product} {ergonomic}
   size_t MinHeapDeltaBytes                        = 1048576                                   {product} {ergonomic}
    uintx NonNMethodCodeHeapSize                   = 5836300                                {pd product} {ergonomic}
    uintx NonProfiledCodeHeapSize                  = 122910970                              {pd product} {ergonomic}
    uintx ProfiledCodeHeapSize                     = 122910970                              {pd product} {ergonomic}
    uintx ReservedCodeCacheSize                    = 251658240                              {pd product} {ergonomic}
     bool SegmentedCodeCache                       = true                                      {product} {ergonomic}
     bool UseCompressedClassPointers               = true                                 {lp64_product} {ergonomic}
     bool UseCompressedOops                        = true                                 {lp64_product} {ergonomic}
     bool UseG1GC                                  = true                                      {product} {ergonomic}
     bool UseLargePagesIndividualAllocation        = false                                  {pd product} {ergonomic}

Logging:
Log output configuration:
 #0: stdout all=warning uptime,level,tags
 #1: stderr all=off uptime,level,tags

Environment Variables:
PATH=C:\Program Files\Git\mingw64\libexec\git-core;C:\Program Files\Git\mingw64\libexec\git-core;C:\Program Files\Git\mingw64\bin;C:\Program Files\Git\usr\bin;C:\Users\84921\bin;C:\Windows\system32;C:\Windows;C:\Windows\System32\Wbem;C:\Windows\System32\WindowsPowerShell\v1.0;C:\Windows\System32\OpenSSH;C:\Program Files\NVIDIA Corporation\NVIDIA NvDLISR;C:\WINDOWS\system32;C:\WINDOWS;C:\WINDOWS\System32\Wbem;C:\WINDOWS\System32\WindowsPowerShell\v1.0;C:\WINDOWS\System32\OpenSSH;C:\Program Files\dotnet;C:\Program Files\Git\cmd;C:\Program Files\Microsoft SQL Server\Client SDK\ODBC\170\Tools\Binn;C:\Program Files (x86)\Microsoft SQL Server\150\Tools\Binn;C:\Program Files\Microsoft SQL Server\150\Tools\Binn;C:\Program Files\Microsoft SQL Server\150\DTS\Binn;C:\Program Files\Microsoft SQL Server\130\Tools\Binn;C:\Program Files (x86)\Microsoft SQL Server\150\DTS\Binn;C:\Program Files\Azure Data Studio\bin;D:\xamp\php;C:\composer;C:\Program Files\nodejs;D:\SDK\flutter\bin;C:\Program Files\Docker\Docker\resources\bin;C:\ProgramData\DockerDesktop\version-bin;C:\Users\84921\AppData\Local\Microsoft\WindowsApps;C:\Users\84921\.dotnet\tools;C:\Program Files\Azure Data Studio\bin;C:\Users\84921\AppData\Roaming\Composer\vendor\bin;C:\Users\84921\AppData\Local\Programs\Microsoft VS Code\bin;C:\Users\84921\AppData\Roaming\npm;D:\SDK\flutter\bin
USERNAME=84921
DISPLAY=:0.0
LC_ALL=en_US.UTF-8
OS=Windows_NT
PROCESSOR_IDENTIFIER=Intel64 Family 6 Model 126 Stepping 5, GenuineIntel



---------------  S Y S T E M  ---------------

OS: Windows 11 , 64 bit Build 22000 (10.0.22000.708)
OS uptime: 0 days 22:24 hours
Hyper-V role detected

CPU:total 8 (initial active 8) (4 cores per cpu, 2 threads per core) family 6 model 126 stepping 5 microcode 0xb0, cmov, cx8, fxsr, mmx, sse, sse2, sse3, ssse3, sse4.1, sse4.2, popcnt, avx, avx2, aes, clmul, erms, 3dnowpref, lzcnt, ht, tsc, tscinvbit, bmi1, bmi2, adx, evex, sha, fma

Memory: 4k page, system-wide physical 7959M (487M free)
TotalPageFile size 19447M (AvailPageFile size 23M)
current process WorkingSet (physical memory assigned to process): 10M, peak: 10M
current process commit charge ("private bytes"): 60M, peak: 185M

vm_info: OpenJDK 64-Bit Server VM (11.0.14.1+1-b2043.25) for windows-amd64 JRE (11.0.14.1+1-b2043.25), built on Mar 30 2022 06:22:56 by "" with MS VC++ 14.0 (VS2015)

END.
