#
# There is insufficient memory for the Java Runtime Environment to continue.
# Native memory allocation (malloc) failed to allocate 253456 bytes for Chunk::new
# Possible reasons:
#   The system is out of physical RAM or swap space
#   The process is running with CompressedOops enabled, and the Java Heap may be blocking the growth of the native heap
# Possible solutions:
#   Reduce memory load on the system
#   Increase physical memory or swap space
#   Check if swap backing store is full
#   Decrease Java heap size (-Xmx/-Xms)
#   Decrease number of Java threads
#   Decrease Java thread stack sizes (-Xss)
#   Set larger code cache with -XX:ReservedCodeCacheSize=
#   JVM is running with Unscaled Compressed Oops mode in which the Java heap is
#     placed in the first 4GB address space. The Java Heap base address is the
#     maximum limit for the native heap growth. Please use -XX:HeapBaseMinAddress
#     to set the Java Heap base and to place the Java Heap above 4GB virtual address.
# This output file may be truncated or incomplete.
#
#  Out of Memory Error (src/hotspot/share/memory/arena.cpp:197), pid=21404, tid=17428
#
# JRE version: OpenJDK Runtime Environment JBR-11.0.14.1.1-2043.25-jcef (11.0.14.1+1) (build 11.0.14.1+1-b2043.25)
# Java VM: OpenJDK 64-Bit Server VM JBR-11.0.14.1.1-2043.25-jcef (11.0.14.1+1-b2043.25, mixed mode, tiered, compressed oops, g1 gc, windows-amd64)
# No core dump will be written. Minidumps are not enabled by default on client versions of Windows
#

---------------  S U M M A R Y ------------

Command Line: git4idea.http.GitAskPassApp Username for 'https://gitlab.com': 

Host: Intel(R) Core(TM) i5-1035G1 CPU @ 1.00GHz, 8 cores, 7G,  Windows 11 , 64 bit Build 22000 (10.0.22000.708)
Time: Tue Sep  6 13:12:45 2022 SE Asia Standard Time elapsed time: 0.336314 seconds (0d 0h 0m 0s)

---------------  T H R E A D  ---------------

Current thread (0x0000025e58530000):  JavaThread "C2 CompilerThread0" daemon [_thread_in_native, id=17428, stack(0x000000d936300000,0x000000d936400000)]


Current CompileTask:
C2:    336  131 %     4       java.util.zip.ZipFile$Source::initCEN @ 228 (697 bytes)

Stack: [0x000000d936300000,0x000000d936400000]
Native frames: (J=compiled Java code, j=interpreted, Vv=VM code, C=native code)
V  [jvm.dll+0x61618a]
V  [jvm.dll+0x79c450]
V  [jvm.dll+0x79da6d]
V  [jvm.dll+0x79e143]
V  [jvm.dll+0x24c968]
V  [jvm.dll+0xc13dc]
V  [jvm.dll+0xc190c]
V  [jvm.dll+0x2c1f24]
V  [jvm.dll+0x528d6b]
V  [jvm.dll+0x20cd23]
V  [jvm.dll+0x2067c0]
V  [jvm.dll+0x203ee2]
V  [jvm.dll+0x18b5e1]
V  [jvm.dll+0x212c6f]
V  [jvm.dll+0x211511]
V  [jvm.dll+0x762b9f]
V  [jvm.dll+0x75b755]
V  [jvm.dll+0x614df6]
C  [ucrtbase.dll+0x26c0c]
C  [KERNEL32.DLL+0x154e0]
C  [ntdll.dll+0x485b]


---------------  P R O C E S S  ---------------

Threads class SMR info:
_java_thread_list=0x0000025e58677990, length=10, elements={
0x0000025e3b7f1000, 0x0000025e57bae000, 0x0000025e57bb9000, 0x0000025e58529000,
0x0000025e5852a000, 0x0000025e5852b000, 0x0000025e58530000, 0x0000025e57bcf000,
0x0000025e57bd1000, 0x0000025e58693800
}

Java Threads: ( => current thread )
  0x0000025e3b7f1000 JavaThread "main" [_thread_in_vm, id=8656, stack(0x000000d935700000,0x000000d935800000)]
  0x0000025e57bae000 JavaThread "Reference Handler" daemon [_thread_blocked, id=20172, stack(0x000000d935e00000,0x000000d935f00000)]
  0x0000025e57bb9000 JavaThread "Finalizer" daemon [_thread_blocked, id=1152, stack(0x000000d935f00000,0x000000d936000000)]
  0x0000025e58529000 JavaThread "Signal Dispatcher" daemon [_thread_blocked, id=14256, stack(0x000000d936000000,0x000000d936100000)]
  0x0000025e5852a000 JavaThread "Attach Listener" daemon [_thread_blocked, id=26456, stack(0x000000d936100000,0x000000d936200000)]
  0x0000025e5852b000 JavaThread "Service Thread" daemon [_thread_blocked, id=17248, stack(0x000000d936200000,0x000000d936300000)]
=>0x0000025e58530000 JavaThread "C2 CompilerThread0" daemon [_thread_in_native, id=17428, stack(0x000000d936300000,0x000000d936400000)]
  0x0000025e57bcf000 JavaThread "C1 CompilerThread0" daemon [_thread_blocked, id=8460, stack(0x000000d936400000,0x000000d936500000)]
  0x0000025e57bd1000 JavaThread "Sweeper thread" daemon [_thread_blocked, id=7344, stack(0x000000d936500000,0x000000d936600000)]
  0x0000025e58693800 JavaThread "Common-Cleaner" daemon [_thread_blocked, id=20524, stack(0x000000d936700000,0x000000d936800000)]

Other Threads:
  0x0000025e57baa800 VMThread "VM Thread" [stack: 0x000000d935d00000,0x000000d935e00000] [id=8896]
  0x0000025e5869d000 WatcherThread [stack: 0x000000d936600000,0x000000d936700000] [id=2200]
  0x0000025e3b809800 GCTaskThread "GC Thread#0" [stack: 0x000000d935800000,0x000000d935900000] [id=14384]
  0x0000025e3b83b000 ConcurrentGCThread "G1 Main Marker" [stack: 0x000000d935900000,0x000000d935a00000] [id=19948]
  0x0000025e3b83d000 ConcurrentGCThread "G1 Conc#0" [stack: 0x000000d935a00000,0x000000d935b00000] [id=17008]
  0x0000025e579f0800 ConcurrentGCThread "G1 Refine#0" [stack: 0x000000d935b00000,0x000000d935c00000] [id=23580]
  0x0000025e579f4800 ConcurrentGCThread "G1 Young RemSet Sampling" [stack: 0x000000d935c00000,0x000000d935d00000] [id=2452]

Threads with active compile tasks:
C2 CompilerThread0    390  131 %     4       java.util.zip.ZipFile$Source::initCEN @ 228 (697 bytes)

VM state:not at safepoint (normal execution)

VM Mutex/Monitor currently owned by a thread: None

Heap address: 0x0000000083a00000, size: 1990 MB, Compressed Oops mode: 32-bit
Narrow klass base: 0x0000000000000000, Narrow klass shift: 3
Compressed class space size: 1073741824 Address: 0x0000000100000000

Heap:
 garbage-first heap   total 129024K, used 15360K [0x0000000083a00000, 0x0000000100000000)
  region size 1024K, 3 young (3072K), 0 survivors (0K)
 Metaspace       used 5543K, capacity 5608K, committed 5888K, reserved 1056768K
  class space    used 457K, capacity 460K, committed 512K, reserved 1048576K
Heap Regions: E=young(eden), S=young(survivor), O=old, HS=humongous(starts), HC=humongous(continues), CS=collection set, F=free, A=archive, TAMS=top-at-mark-start (previous, next)
|   0|0x0000000083a00000, 0x0000000083b00000, 0x0000000083b00000|100%|HS|  |TAMS 0x0000000083a00000, 0x0000000083a00000| Complete 
|   1|0x0000000083b00000, 0x0000000083c00000, 0x0000000083c00000|100%|HC|  |TAMS 0x0000000083b00000, 0x0000000083b00000| Complete 
|   2|0x0000000083c00000, 0x0000000083d00000, 0x0000000083d00000|100%|HC|  |TAMS 0x0000000083c00000, 0x0000000083c00000| Complete 
|   3|0x0000000083d00000, 0x0000000083e00000, 0x0000000083e00000|100%|HC|  |TAMS 0x0000000083d00000, 0x0000000083d00000| Complete 
|   4|0x0000000083e00000, 0x0000000083f00000, 0x0000000083f00000|100%|HC|  |TAMS 0x0000000083e00000, 0x0000000083e00000| Complete 
|   5|0x0000000083f00000, 0x0000000084000000, 0x0000000084000000|100%|HC|  |TAMS 0x0000000083f00000, 0x0000000083f00000| Complete 
|   6|0x0000000084000000, 0x0000000084100000, 0x0000000084100000|100%|HC|  |TAMS 0x0000000084000000, 0x0000000084000000| Complete 
|   7|0x0000000084100000, 0x0000000084200000, 0x0000000084200000|100%|HC|  |TAMS 0x0000000084100000, 0x0000000084100000| Complete 
|   8|0x0000000084200000, 0x0000000084300000, 0x0000000084300000|100%|HC|  |TAMS 0x0000000084200000, 0x0000000084200000| Complete 
|   9|0x0000000084300000, 0x0000000084400000, 0x0000000084400000|100%|HC|  |TAMS 0x0000000084300000, 0x0000000084300000| Complete 
|  10|0x0000000084400000, 0x0000000084500000, 0x0000000084500000|100%|HC|  |TAMS 0x0000000084400000, 0x0000000084400000| Complete 
|  11|0x0000000084500000, 0x0000000084600000, 0x0000000084600000|100%|HS|  |TAMS 0x0000000084500000, 0x0000000084500000| Complete 
|  12|0x0000000084600000, 0x0000000084700000, 0x0000000084700000|100%|HC|  |TAMS 0x0000000084600000, 0x0000000084600000| Complete 
|  13|0x0000000084700000, 0x0000000084700000, 0x0000000084800000|  0%| F|  |TAMS 0x0000000084700000, 0x0000000084700000| Untracked 
|  14|0x0000000084800000, 0x0000000084800000, 0x0000000084900000|  0%| F|  |TAMS 0x0000000084800000, 0x0000000084800000| Untracked 
|  15|0x0000000084900000, 0x0000000084900000, 0x0000000084a00000|  0%| F|  |TAMS 0x0000000084900000, 0x0000000084900000| Untracked 
|  16|0x0000000084a00000, 0x0000000084a00000, 0x0000000084b00000|  0%| F|  |TAMS 0x0000000084a00000, 0x0000000084a00000| Untracked 
|  17|0x0000000084b00000, 0x0000000084b00000, 0x0000000084c00000|  0%| F|  |TAMS 0x0000000084b00000, 0x0000000084b00000| Untracked 
|  18|0x0000000084c00000, 0x0000000084c00000, 0x0000000084d00000|  0%| F|  |TAMS 0x0000000084c00000, 0x0000000084c00000| Untracked 
|  19|0x0000000084d00000, 0x0000000084d00000, 0x0000000084e00000|  0%| F|  |TAMS 0x0000000084d00000, 0x0000000084d00000| Untracked 
|  20|0x0000000084e00000, 0x0000000084e00000, 0x0000000084f00000|  0%| F|  |TAMS 0x0000000084e00000, 0x0000000084e00000| Untracked 
|  21|0x0000000084f00000, 0x0000000084f00000, 0x0000000085000000|  0%| F|  |TAMS 0x0000000084f00000, 0x0000000084f00000| Untracked 
|  22|0x0000000085000000, 0x0000000085000000, 0x0000000085100000|  0%| F|  |TAMS 0x0000000085000000, 0x0000000085000000| Untracked 
|  23|0x0000000085100000, 0x0000000085100000, 0x0000000085200000|  0%| F|  |TAMS 0x0000000085100000, 0x0000000085100000| Untracked 
|  24|0x0000000085200000, 0x0000000085200000, 0x0000000085300000|  0%| F|  |TAMS 0x0000000085200000, 0x0000000085200000| Untracked 
|  25|0x0000000085300000, 0x0000000085300000, 0x0000000085400000|  0%| F|  |TAMS 0x0000000085300000, 0x0000000085300000| Untracked 
|  26|0x0000000085400000, 0x0000000085400000, 0x0000000085500000|  0%| F|  |TAMS 0x0000000085400000, 0x0000000085400000| Untracked 
|  27|0x0000000085500000, 0x0000000085500000, 0x0000000085600000|  0%| F|  |TAMS 0x0000000085500000, 0x0000000085500000| Untracked 
|  28|0x0000000085600000, 0x0000000085600000, 0x0000000085700000|  0%| F|  |TAMS 0x0000000085600000, 0x0000000085600000| Untracked 
|  29|0x0000000085700000, 0x0000000085700000, 0x0000000085800000|  0%| F|  |TAMS 0x0000000085700000, 0x0000000085700000| Untracked 
|  30|0x0000000085800000, 0x0000000085800000, 0x0000000085900000|  0%| F|  |TAMS 0x0000000085800000, 0x0000000085800000| Untracked 
|  31|0x0000000085900000, 0x0000000085900000, 0x0000000085a00000|  0%| F|  |TAMS 0x0000000085900000, 0x0000000085900000| Untracked 
|  32|0x0000000085a00000, 0x0000000085a00000, 0x0000000085b00000|  0%| F|  |TAMS 0x0000000085a00000, 0x0000000085a00000| Untracked 
|  33|0x0000000085b00000, 0x0000000085b00000, 0x0000000085c00000|  0%| F|  |TAMS 0x0000000085b00000, 0x0000000085b00000| Untracked 
|  34|0x0000000085c00000, 0x0000000085c00000, 0x0000000085d00000|  0%| F|  |TAMS 0x0000000085c00000, 0x0000000085c00000| Untracked 
|  35|0x0000000085d00000, 0x0000000085d00000, 0x0000000085e00000|  0%| F|  |TAMS 0x0000000085d00000, 0x0000000085d00000| Untracked 
|  36|0x0000000085e00000, 0x0000000085e00000, 0x0000000085f00000|  0%| F|  |TAMS 0x0000000085e00000, 0x0000000085e00000| Untracked 
|  37|0x0000000085f00000, 0x0000000085f00000, 0x0000000086000000|  0%| F|  |TAMS 0x0000000085f00000, 0x0000000085f00000| Untracked 
|  38|0x0000000086000000, 0x0000000086000000, 0x0000000086100000|  0%| F|  |TAMS 0x0000000086000000, 0x0000000086000000| Untracked 
|  39|0x0000000086100000, 0x0000000086100000, 0x0000000086200000|  0%| F|  |TAMS 0x0000000086100000, 0x0000000086100000| Untracked 
|  40|0x0000000086200000, 0x0000000086200000, 0x0000000086300000|  0%| F|  |TAMS 0x0000000086200000, 0x0000000086200000| Untracked 
|  41|0x0000000086300000, 0x0000000086300000, 0x0000000086400000|  0%| F|  |TAMS 0x0000000086300000, 0x0000000086300000| Untracked 
|  42|0x0000000086400000, 0x0000000086400000, 0x0000000086500000|  0%| F|  |TAMS 0x0000000086400000, 0x0000000086400000| Untracked 
|  43|0x0000000086500000, 0x0000000086500000, 0x0000000086600000|  0%| F|  |TAMS 0x0000000086500000, 0x0000000086500000| Untracked 
|  44|0x0000000086600000, 0x0000000086600000, 0x0000000086700000|  0%| F|  |TAMS 0x0000000086600000, 0x0000000086600000| Untracked 
|  45|0x0000000086700000, 0x0000000086700000, 0x0000000086800000|  0%| F|  |TAMS 0x0000000086700000, 0x0000000086700000| Untracked 
|  46|0x0000000086800000, 0x0000000086800000, 0x0000000086900000|  0%| F|  |TAMS 0x0000000086800000, 0x0000000086800000| Untracked 
|  47|0x0000000086900000, 0x0000000086900000, 0x0000000086a00000|  0%| F|  |TAMS 0x0000000086900000, 0x0000000086900000| Untracked 
|  48|0x0000000086a00000, 0x0000000086a00000, 0x0000000086b00000|  0%| F|  |TAMS 0x0000000086a00000, 0x0000000086a00000| Untracked 
|  49|0x0000000086b00000, 0x0000000086b00000, 0x0000000086c00000|  0%| F|  |TAMS 0x0000000086b00000, 0x0000000086b00000| Untracked 
|  50|0x0000000086c00000, 0x0000000086c00000, 0x0000000086d00000|  0%| F|  |TAMS 0x0000000086c00000, 0x0000000086c00000| Untracked 
|  51|0x0000000086d00000, 0x0000000086d00000, 0x0000000086e00000|  0%| F|  |TAMS 0x0000000086d00000, 0x0000000086d00000| Untracked 
|  52|0x0000000086e00000, 0x0000000086e00000, 0x0000000086f00000|  0%| F|  |TAMS 0x0000000086e00000, 0x0000000086e00000| Untracked 
|  53|0x0000000086f00000, 0x0000000086f00000, 0x0000000087000000|  0%| F|  |TAMS 0x0000000086f00000, 0x0000000086f00000| Untracked 
|  54|0x0000000087000000, 0x0000000087000000, 0x0000000087100000|  0%| F|  |TAMS 0x0000000087000000, 0x0000000087000000| Untracked 
|  55|0x0000000087100000, 0x0000000087100000, 0x0000000087200000|  0%| F|  |TAMS 0x0000000087100000, 0x0000000087100000| Untracked 
|  56|0x0000000087200000, 0x0000000087200000, 0x0000000087300000|  0%| F|  |TAMS 0x0000000087200000, 0x0000000087200000| Untracked 
|  57|0x0000000087300000, 0x0000000087300000, 0x0000000087400000|  0%| F|  |TAMS 0x0000000087300000, 0x0000000087300000| Untracked 
|  58|0x0000000087400000, 0x0000000087400000, 0x0000000087500000|  0%| F|  |TAMS 0x0000000087400000, 0x0000000087400000| Untracked 
|  59|0x0000000087500000, 0x0000000087500000, 0x0000000087600000|  0%| F|  |TAMS 0x0000000087500000, 0x0000000087500000| Untracked 
|  60|0x0000000087600000, 0x0000000087600000, 0x0000000087700000|  0%| F|  |TAMS 0x0000000087600000, 0x0000000087600000| Untracked 
|  61|0x0000000087700000, 0x0000000087700000, 0x0000000087800000|  0%| F|  |TAMS 0x0000000087700000, 0x0000000087700000| Untracked 
|  62|0x0000000087800000, 0x0000000087800000, 0x0000000087900000|  0%| F|  |TAMS 0x0000000087800000, 0x0000000087800000| Untracked 
|  63|0x0000000087900000, 0x0000000087900000, 0x0000000087a00000|  0%| F|  |TAMS 0x0000000087900000, 0x0000000087900000| Untracked 
|  64|0x0000000087a00000, 0x0000000087a00000, 0x0000000087b00000|  0%| F|  |TAMS 0x0000000087a00000, 0x0000000087a00000| Untracked 
|  65|0x0000000087b00000, 0x0000000087b00000, 0x0000000087c00000|  0%| F|  |TAMS 0x0000000087b00000, 0x0000000087b00000| Untracked 
|  66|0x0000000087c00000, 0x0000000087c00000, 0x0000000087d00000|  0%| F|  |TAMS 0x0000000087c00000, 0x0000000087c00000| Untracked 
|  67|0x0000000087d00000, 0x0000000087d00000, 0x0000000087e00000|  0%| F|  |TAMS 0x0000000087d00000, 0x0000000087d00000| Untracked 
|  68|0x0000000087e00000, 0x0000000087e00000, 0x0000000087f00000|  0%| F|  |TAMS 0x0000000087e00000, 0x0000000087e00000| Untracked 
|  69|0x0000000087f00000, 0x0000000087f00000, 0x0000000088000000|  0%| F|  |TAMS 0x0000000087f00000, 0x0000000087f00000| Untracked 
|  70|0x0000000088000000, 0x0000000088000000, 0x0000000088100000|  0%| F|  |TAMS 0x0000000088000000, 0x0000000088000000| Untracked 
|  71|0x0000000088100000, 0x0000000088100000, 0x0000000088200000|  0%| F|  |TAMS 0x0000000088100000, 0x0000000088100000| Untracked 
|  72|0x0000000088200000, 0x0000000088200000, 0x0000000088300000|  0%| F|  |TAMS 0x0000000088200000, 0x0000000088200000| Untracked 
|  73|0x0000000088300000, 0x0000000088300000, 0x0000000088400000|  0%| F|  |TAMS 0x0000000088300000, 0x0000000088300000| Untracked 
|  74|0x0000000088400000, 0x0000000088400000, 0x0000000088500000|  0%| F|  |TAMS 0x0000000088400000, 0x0000000088400000| Untracked 
|  75|0x0000000088500000, 0x0000000088500000, 0x0000000088600000|  0%| F|  |TAMS 0x0000000088500000, 0x0000000088500000| Untracked 
|  76|0x0000000088600000, 0x0000000088600000, 0x0000000088700000|  0%| F|  |TAMS 0x0000000088600000, 0x0000000088600000| Untracked 
|  77|0x0000000088700000, 0x0000000088700000, 0x0000000088800000|  0%| F|  |TAMS 0x0000000088700000, 0x0000000088700000| Untracked 
|  78|0x0000000088800000, 0x0000000088800000, 0x0000000088900000|  0%| F|  |TAMS 0x0000000088800000, 0x0000000088800000| Untracked 
|  79|0x0000000088900000, 0x0000000088900000, 0x0000000088a00000|  0%| F|  |TAMS 0x0000000088900000, 0x0000000088900000| Untracked 
|  80|0x0000000088a00000, 0x0000000088a00000, 0x0000000088b00000|  0%| F|  |TAMS 0x0000000088a00000, 0x0000000088a00000| Untracked 
|  81|0x0000000088b00000, 0x0000000088b00000, 0x0000000088c00000|  0%| F|  |TAMS 0x0000000088b00000, 0x0000000088b00000| Untracked 
|  82|0x0000000088c00000, 0x0000000088c00000, 0x0000000088d00000|  0%| F|  |TAMS 0x0000000088c00000, 0x0000000088c00000| Untracked 
|  83|0x0000000088d00000, 0x0000000088d00000, 0x0000000088e00000|  0%| F|  |TAMS 0x0000000088d00000, 0x0000000088d00000| Untracked 
|  84|0x0000000088e00000, 0x0000000088e00000, 0x0000000088f00000|  0%| F|  |TAMS 0x0000000088e00000, 0x0000000088e00000| Untracked 
|  85|0x0000000088f00000, 0x0000000088f00000, 0x0000000089000000|  0%| F|  |TAMS 0x0000000088f00000, 0x0000000088f00000| Untracked 
|  86|0x0000000089000000, 0x0000000089000000, 0x0000000089100000|  0%| F|  |TAMS 0x0000000089000000, 0x0000000089000000| Untracked 
|  87|0x0000000089100000, 0x0000000089100000, 0x0000000089200000|  0%| F|  |TAMS 0x0000000089100000, 0x0000000089100000| Untracked 
|  88|0x0000000089200000, 0x0000000089200000, 0x0000000089300000|  0%| F|  |TAMS 0x0000000089200000, 0x0000000089200000| Untracked 
|  89|0x0000000089300000, 0x0000000089300000, 0x0000000089400000|  0%| F|  |TAMS 0x0000000089300000, 0x0000000089300000| Untracked 
|  90|0x0000000089400000, 0x0000000089400000, 0x0000000089500000|  0%| F|  |TAMS 0x0000000089400000, 0x0000000089400000| Untracked 
|  91|0x0000000089500000, 0x0000000089500000, 0x0000000089600000|  0%| F|  |TAMS 0x0000000089500000, 0x0000000089500000| Untracked 
|  92|0x0000000089600000, 0x0000000089600000, 0x0000000089700000|  0%| F|  |TAMS 0x0000000089600000, 0x0000000089600000| Untracked 
|  93|0x0000000089700000, 0x0000000089700000, 0x0000000089800000|  0%| F|  |TAMS 0x0000000089700000, 0x0000000089700000| Untracked 
|  94|0x0000000089800000, 0x0000000089800000, 0x0000000089900000|  0%| F|  |TAMS 0x0000000089800000, 0x0000000089800000| Untracked 
|  95|0x0000000089900000, 0x0000000089900000, 0x0000000089a00000|  0%| F|  |TAMS 0x0000000089900000, 0x0000000089900000| Untracked 
|  96|0x0000000089a00000, 0x0000000089a00000, 0x0000000089b00000|  0%| F|  |TAMS 0x0000000089a00000, 0x0000000089a00000| Untracked 
|  97|0x0000000089b00000, 0x0000000089b00000, 0x0000000089c00000|  0%| F|  |TAMS 0x0000000089b00000, 0x0000000089b00000| Untracked 
|  98|0x0000000089c00000, 0x0000000089c00000, 0x0000000089d00000|  0%| F|  |TAMS 0x0000000089c00000, 0x0000000089c00000| Untracked 
|  99|0x0000000089d00000, 0x0000000089d00000, 0x0000000089e00000|  0%| F|  |TAMS 0x0000000089d00000, 0x0000000089d00000| Untracked 
| 100|0x0000000089e00000, 0x0000000089e00000, 0x0000000089f00000|  0%| F|  |TAMS 0x0000000089e00000, 0x0000000089e00000| Untracked 
| 101|0x0000000089f00000, 0x0000000089f00000, 0x000000008a000000|  0%| F|  |TAMS 0x0000000089f00000, 0x0000000089f00000| Untracked 
| 102|0x000000008a000000, 0x000000008a000000, 0x000000008a100000|  0%| F|  |TAMS 0x000000008a000000, 0x000000008a000000| Untracked 
| 103|0x000000008a100000, 0x000000008a100000, 0x000000008a200000|  0%| F|  |TAMS 0x000000008a100000, 0x000000008a100000| Untracked 
| 104|0x000000008a200000, 0x000000008a200000, 0x000000008a300000|  0%| F|  |TAMS 0x000000008a200000, 0x000000008a200000| Untracked 
| 105|0x000000008a300000, 0x000000008a300000, 0x000000008a400000|  0%| F|  |TAMS 0x000000008a300000, 0x000000008a300000| Untracked 
| 106|0x000000008a400000, 0x000000008a400000, 0x000000008a500000|  0%| F|  |TAMS 0x000000008a400000, 0x000000008a400000| Untracked 
| 107|0x000000008a500000, 0x000000008a500000, 0x000000008a600000|  0%| F|  |TAMS 0x000000008a500000, 0x000000008a500000| Untracked 
| 108|0x000000008a600000, 0x000000008a600000, 0x000000008a700000|  0%| F|  |TAMS 0x000000008a600000, 0x000000008a600000| Untracked 
| 109|0x000000008a700000, 0x000000008a700000, 0x000000008a800000|  0%| F|  |TAMS 0x000000008a700000, 0x000000008a700000| Untracked 
| 110|0x000000008a800000, 0x000000008a800000, 0x000000008a900000|  0%| F|  |TAMS 0x000000008a800000, 0x000000008a800000| Untracked 
| 111|0x000000008a900000, 0x000000008a900000, 0x000000008aa00000|  0%| F|  |TAMS 0x000000008a900000, 0x000000008a900000| Untracked 
| 112|0x000000008aa00000, 0x000000008aa00000, 0x000000008ab00000|  0%| F|  |TAMS 0x000000008aa00000, 0x000000008aa00000| Untracked 
| 113|0x000000008ab00000, 0x000000008ab00000, 0x000000008ac00000|  0%| F|  |TAMS 0x000000008ab00000, 0x000000008ab00000| Untracked 
| 114|0x000000008ac00000, 0x000000008ac00000, 0x000000008ad00000|  0%| F|  |TAMS 0x000000008ac00000, 0x000000008ac00000| Untracked 
| 115|0x000000008ad00000, 0x000000008ad00000, 0x000000008ae00000|  0%| F|  |TAMS 0x000000008ad00000, 0x000000008ad00000| Untracked 
| 116|0x000000008ae00000, 0x000000008ae00000, 0x000000008af00000|  0%| F|  |TAMS 0x000000008ae00000, 0x000000008ae00000| Untracked 
| 117|0x000000008af00000, 0x000000008af00000, 0x000000008b000000|  0%| F|  |TAMS 0x000000008af00000, 0x000000008af00000| Untracked 
| 118|0x000000008b000000, 0x000000008b000000, 0x000000008b100000|  0%| F|  |TAMS 0x000000008b000000, 0x000000008b000000| Untracked 
| 119|0x000000008b100000, 0x000000008b100000, 0x000000008b200000|  0%| F|  |TAMS 0x000000008b100000, 0x000000008b100000| Untracked 
| 120|0x000000008b200000, 0x000000008b200000, 0x000000008b300000|  0%| F|  |TAMS 0x000000008b200000, 0x000000008b200000| Untracked 
| 121|0x000000008b300000, 0x000000008b300000, 0x000000008b400000|  0%| F|  |TAMS 0x000000008b300000, 0x000000008b300000| Untracked 
| 122|0x000000008b400000, 0x000000008b400000, 0x000000008b500000|  0%| F|  |TAMS 0x000000008b400000, 0x000000008b400000| Untracked 
| 123|0x000000008b500000, 0x000000008b57b660, 0x000000008b600000| 48%| E|  |TAMS 0x000000008b500000, 0x000000008b500000| Complete 
| 124|0x000000008b600000, 0x000000008b700000, 0x000000008b700000|100%| E|CS|TAMS 0x000000008b600000, 0x000000008b600000| Complete 
| 125|0x000000008b700000, 0x000000008b800000, 0x000000008b800000|100%| E|CS|TAMS 0x000000008b700000, 0x000000008b700000| Complete 

Card table byte_map: [0x0000025e50ab0000,0x0000025e50ea0000] _byte_map_base: 0x0000025e50693000

Marking Bits (Prev, Next): (CMBitMap*) 0x0000025e3b832638, (CMBitMap*) 0x0000025e3b832670
 Prev Bits: [0x0000025e51290000, 0x0000025e531a8000)
 Next Bits: [0x0000025e531b0000, 0x0000025e550c8000)

Polling page: 0x0000025e3b8d0000

Metaspace:

Usage:
  Non-class:      5.03 MB capacity,     5.00 MB (>99%) used,    27.48 KB ( <1%) free+waste,     1.50 KB ( <1%) overhead. 
      Class:    492.00 KB capacity,   459.71 KB ( 93%) used,    31.66 KB (  6%) free+waste,   640 bytes ( <1%) overhead. 
       Both:      5.51 MB capacity,     5.45 MB ( 99%) used,    59.14 KB (  1%) free+waste,     2.13 KB ( <1%) overhead. 

Virtual space:
  Non-class space:        8.00 MB reserved,       5.25 MB ( 66%) committed 
      Class space:        1.00 GB reserved,     512.00 KB ( <1%) committed 
             Both:        1.01 GB reserved,       5.75 MB ( <1%) committed 

Chunk freelists:
   Non-Class:  36.00 KB
       Class:  20.00 KB
        Both:  56.00 KB

MaxMetaspaceSize: 17179869184.00 GB
CompressedClassSpaceSize: 1.00 GB
Initial GC threshold: 20.80 MB
Current GC threshold: 20.80 MB
CDS: off

CodeHeap 'non-profiled nmethods': size=120000Kb used=49Kb max_used=49Kb free=119950Kb
 bounds [0x0000025e48720000, 0x0000025e48990000, 0x0000025e4fc50000]
CodeHeap 'profiled nmethods': size=120000Kb used=304Kb max_used=304Kb free=119695Kb
 bounds [0x0000025e411f0000, 0x0000025e41460000, 0x0000025e48720000]
CodeHeap 'non-nmethods': size=5760Kb used=1099Kb max_used=1099Kb free=4660Kb
 bounds [0x0000025e40c50000, 0x0000025e40ec0000, 0x0000025e411f0000]
 total_blobs=513 nmethods=183 adapters=243
 compilation: enabled
              stopped_count=0, restarted_count=0
 full_count=0

Compilation events (20 events):
Event: 0.327 Thread 0x0000025e57bcf000 nmethod 146 0x0000025e4122b390 code [0x0000025e4122b560, 0x0000025e4122b818]
Event: 0.327 Thread 0x0000025e57bcf000  145       2       java.lang.Character::toUpperCaseEx (30 bytes)
Event: 0.327 Thread 0x0000025e57bcf000 nmethod 145 0x0000025e4122b990 code [0x0000025e4122bb60, 0x0000025e4122bc78]
Event: 0.327 Thread 0x0000025e57bcf000  137       3       java.lang.ThreadLocal::get (38 bytes)
Event: 0.327 Thread 0x0000025e57bcf000 nmethod 137 0x0000025e4122bd10 code [0x0000025e4122bee0, 0x0000025e4122c1d8]
Event: 0.327 Thread 0x0000025e57bcf000  138       3       java.lang.ThreadLocal$ThreadLocalMap::getEntry (42 bytes)
Event: 0.328 Thread 0x0000025e57bcf000 nmethod 138 0x0000025e4122c390 code [0x0000025e4122c560, 0x0000025e4122c808]
Event: 0.328 Thread 0x0000025e57bcf000  152       3       java.lang.StringLatin1::toUpperCase (180 bytes)
Event: 0.329 Thread 0x0000025e57bcf000 nmethod 152 0x0000025e4122c910 code [0x0000025e4122cbc0, 0x0000025e4122d8d8]
Event: 0.329 Thread 0x0000025e57bcf000  139       3       java.lang.StringCoding$Result::with (12 bytes)
Event: 0.329 Thread 0x0000025e57bcf000 nmethod 139 0x0000025e4122dd90 code [0x0000025e4122df40, 0x0000025e4122e098]
Event: 0.329 Thread 0x0000025e57bcf000  141   !   3       java.lang.StringCoding::decode (362 bytes)
Event: 0.332 Thread 0x0000025e57bcf000 nmethod 141 0x0000025e4122e110 code [0x0000025e4122e600, 0x0000025e412311a8]
Event: 0.332 Thread 0x0000025e57bcf000  142       3       java.lang.StringCoding::decodeUTF8 (45 bytes)
Event: 0.333 Thread 0x0000025e57bcf000 nmethod 142 0x0000025e41231f90 code [0x0000025e412321a0, 0x0000025e41232768]
Event: 0.333 Thread 0x0000025e57bcf000  155       3       java.lang.String::startsWith (138 bytes)
Event: 0.334 Thread 0x0000025e57bcf000 nmethod 155 0x0000025e41232990 code [0x0000025e41232bc0, 0x0000025e41233578]
Event: 0.334 Thread 0x0000025e57bcf000  156       3       java.lang.String::endsWith (15 bytes)
Event: 0.334 Thread 0x0000025e57bcf000 nmethod 156 0x0000025e41233890 code [0x0000025e41233a80, 0x0000025e41233da8]
Event: 0.334 Thread 0x0000025e57bcf000  153       3       java.lang.String::toUpperCase (29 bytes)

GC Heap History (0 events):
No events

Deoptimization events (20 events):
Event: 0.251 Thread 0x0000025e3b7f1000 DEOPT PACKING pc=0x0000025e41210f3b sp=0x000000d9357f9350
Event: 0.251 Thread 0x0000025e3b7f1000 DEOPT UNPACKING pc=0x0000025e40c99d0e sp=0x000000d9357f8820 mode 0
Event: 0.251 Thread 0x0000025e3b7f1000 DEOPT PACKING pc=0x0000025e41210f3b sp=0x000000d9357f9350
Event: 0.251 Thread 0x0000025e3b7f1000 DEOPT UNPACKING pc=0x0000025e40c99d0e sp=0x000000d9357f8820 mode 0
Event: 0.251 Thread 0x0000025e3b7f1000 DEOPT PACKING pc=0x0000025e41210f3b sp=0x000000d9357f9350
Event: 0.252 Thread 0x0000025e3b7f1000 DEOPT UNPACKING pc=0x0000025e40c99d0e sp=0x000000d9357f8820 mode 0
Event: 0.252 Thread 0x0000025e3b7f1000 DEOPT PACKING pc=0x0000025e41210f3b sp=0x000000d9357f9350
Event: 0.252 Thread 0x0000025e3b7f1000 DEOPT UNPACKING pc=0x0000025e40c99d0e sp=0x000000d9357f8820 mode 0
Event: 0.252 Thread 0x0000025e3b7f1000 DEOPT PACKING pc=0x0000025e41210f3b sp=0x000000d9357f9350
Event: 0.252 Thread 0x0000025e3b7f1000 DEOPT UNPACKING pc=0x0000025e40c99d0e sp=0x000000d9357f8820 mode 0
Event: 0.252 Thread 0x0000025e3b7f1000 DEOPT PACKING pc=0x0000025e41210f3b sp=0x000000d9357f9350
Event: 0.252 Thread 0x0000025e3b7f1000 DEOPT UNPACKING pc=0x0000025e40c99d0e sp=0x000000d9357f8820 mode 0
Event: 0.252 Thread 0x0000025e3b7f1000 DEOPT PACKING pc=0x0000025e41210f3b sp=0x000000d9357f9350
Event: 0.252 Thread 0x0000025e3b7f1000 DEOPT UNPACKING pc=0x0000025e40c99d0e sp=0x000000d9357f8820 mode 0
Event: 0.252 Thread 0x0000025e3b7f1000 DEOPT PACKING pc=0x0000025e41210f3b sp=0x000000d9357f9350
Event: 0.252 Thread 0x0000025e3b7f1000 DEOPT UNPACKING pc=0x0000025e40c99d0e sp=0x000000d9357f8820 mode 0
Event: 0.253 Thread 0x0000025e3b7f1000 DEOPT PACKING pc=0x0000025e41210f3b sp=0x000000d9357f9350
Event: 0.253 Thread 0x0000025e3b7f1000 DEOPT UNPACKING pc=0x0000025e40c99d0e sp=0x000000d9357f8820 mode 0
Event: 0.312 Thread 0x0000025e3b7f1000 DEOPT PACKING pc=0x0000025e4121a4be sp=0x000000d9357f9280
Event: 0.312 Thread 0x0000025e3b7f1000 DEOPT UNPACKING pc=0x0000025e40c99d0e sp=0x000000d9357f8828 mode 0

Classes redefined (0 events):
No events

Internal exceptions (0 events):
No events

Events (20 events):
Event: 0.208 loading class java/security/AllPermission
Event: 0.208 loading class java/security/AllPermission done
Event: 0.208 loading class java/security/UnresolvedPermission
Event: 0.208 loading class java/security/UnresolvedPermission done
Event: 0.208 loading class java/security/SecureClassLoader$DebugHolder
Event: 0.208 loading class java/security/SecureClassLoader$DebugHolder done
Event: 0.208 loading class sun/security/util/Debug
Event: 0.208 loading class sun/security/util/Debug done
Event: 0.209 loading class externalApp/ExternalApp
Event: 0.209 loading class externalApp/ExternalApp done
Event: 0.210 loading class java/lang/PublicMethods$MethodList
Event: 0.210 loading class java/lang/PublicMethods$MethodList done
Event: 0.211 loading class java/lang/PublicMethods$Key
Event: 0.211 loading class java/lang/PublicMethods$Key done
Event: 0.211 loading class externalApp/ExternalAppUtil
Event: 0.211 loading class externalApp/ExternalAppUtil done
Event: 0.211 loading class java/lang/IllegalStateException
Event: 0.211 loading class java/lang/IllegalStateException done
Event: 0.211 loading class org/apache/xmlrpc/XmlRpcException
Event: 0.211 loading class org/apache/xmlrpc/XmlRpcException done


Dynamic libraries:
0x00007ff7632b0000 - 0x00007ff7632ba000 	C:\Program Files\JetBrains\PhpStorm 2022.1\jbr\bin\java.exe
0x00007ffde8e60000 - 0x00007ffde9069000 	C:\WINDOWS\SYSTEM32\ntdll.dll
0x00007ffde8ad0000 - 0x00007ffde8b8d000 	C:\WINDOWS\System32\KERNEL32.DLL
0x00007ffde68f0000 - 0x00007ffde6c6d000 	C:\WINDOWS\System32\KERNELBASE.dll
0x00007ffde6340000 - 0x00007ffde6451000 	C:\WINDOWS\System32\ucrtbase.dll
0x00007ffd92c80000 - 0x00007ffd92c96000 	C:\Program Files\JetBrains\PhpStorm 2022.1\jbr\bin\VCRUNTIME140.dll
0x00007ffd914e0000 - 0x00007ffd914f9000 	C:\Program Files\JetBrains\PhpStorm 2022.1\jbr\bin\jli.dll
0x00007ffde6da0000 - 0x00007ffde6f4d000 	C:\WINDOWS\System32\USER32.dll
0x00007ffdcfda0000 - 0x00007ffdd0045000 	C:\WINDOWS\WinSxS\amd64_microsoft.windows.common-controls_6595b64144ccf1df_6.0.22000.120_none_9d947278b86cc467\COMCTL32.dll
0x00007ffde6750000 - 0x00007ffde6776000 	C:\WINDOWS\System32\win32u.dll
0x00007ffde7750000 - 0x00007ffde77f3000 	C:\WINDOWS\System32\msvcrt.dll
0x00007ffde8aa0000 - 0x00007ffde8ac9000 	C:\WINDOWS\System32\GDI32.dll
0x00007ffde6570000 - 0x00007ffde6688000 	C:\WINDOWS\System32\gdi32full.dll
0x00007ffde6460000 - 0x00007ffde64fd000 	C:\WINDOWS\System32\msvcp_win.dll
0x00007ffde7bc0000 - 0x00007ffde7bf1000 	C:\WINDOWS\System32\IMM32.DLL
0x00007ffd7c070000 - 0x00007ffd7c11a000 	C:\Program Files\JetBrains\PhpStorm 2022.1\jbr\bin\msvcp140.dll
0x00007ffd84780000 - 0x00007ffd852fa000 	C:\Program Files\JetBrains\PhpStorm 2022.1\jbr\bin\server\jvm.dll
0x00007ffde6cf0000 - 0x00007ffde6d9e000 	C:\WINDOWS\System32\ADVAPI32.dll
0x00007ffde7de0000 - 0x00007ffde7e7e000 	C:\WINDOWS\System32\sechost.dll
0x00007ffde8920000 - 0x00007ffde8a40000 	C:\WINDOWS\System32\RPCRT4.dll
0x00007ffde7450000 - 0x00007ffde7458000 	C:\WINDOWS\System32\PSAPI.DLL
0x00007ffda60f0000 - 0x00007ffda60f9000 	C:\WINDOWS\SYSTEM32\WSOCK32.dll
0x00007ffde3f30000 - 0x00007ffde3f63000 	C:\WINDOWS\SYSTEM32\WINMM.dll
0x00007ffde8c40000 - 0x00007ffde8caf000 	C:\WINDOWS\System32\WS2_32.dll
0x00007ffddd000000 - 0x00007ffddd00a000 	C:\WINDOWS\SYSTEM32\VERSION.dll
0x00007ffde5400000 - 0x00007ffde5418000 	C:\WINDOWS\SYSTEM32\kernel.appcore.dll
0x00007ffddeca0000 - 0x00007ffddecb1000 	C:\Program Files\JetBrains\PhpStorm 2022.1\jbr\bin\verify.dll
0x00007ffde3d00000 - 0x00007ffde3f21000 	C:\WINDOWS\SYSTEM32\DBGHELP.DLL
0x00007ffde3cc0000 - 0x00007ffde3cf1000 	C:\WINDOWS\SYSTEM32\dbgcore.DLL
0x00007ffde6c70000 - 0x00007ffde6cef000 	C:\WINDOWS\System32\bcryptPrimitives.dll
0x00007ffddebb0000 - 0x00007ffddebd9000 	C:\Program Files\JetBrains\PhpStorm 2022.1\jbr\bin\java.dll
0x00007ffddec90000 - 0x00007ffddec9b000 	C:\Program Files\JetBrains\PhpStorm 2022.1\jbr\bin\jimage.dll
0x00007ffddeb90000 - 0x00007ffddeba9000 	C:\Program Files\JetBrains\PhpStorm 2022.1\jbr\bin\zip.dll
0x00007ffde8140000 - 0x00007ffde88f8000 	C:\WINDOWS\System32\SHELL32.dll
0x00007ffde4470000 - 0x00007ffde4cd8000 	C:\WINDOWS\SYSTEM32\windows.storage.dll
0x00007ffde7800000 - 0x00007ffde7b79000 	C:\WINDOWS\System32\combase.dll
0x00007ffde4300000 - 0x00007ffde4466000 	C:\WINDOWS\SYSTEM32\wintypes.dll
0x00007ffde7cf0000 - 0x00007ffde7dda000 	C:\WINDOWS\System32\SHCORE.dll
0x00007ffde7460000 - 0x00007ffde74bd000 	C:\WINDOWS\System32\shlwapi.dll
0x00007ffde6270000 - 0x00007ffde6291000 	C:\WINDOWS\SYSTEM32\profapi.dll
0x00007ffddeb70000 - 0x00007ffddeb8a000 	C:\Program Files\JetBrains\PhpStorm 2022.1\jbr\bin\net.dll
0x00007ffddde90000 - 0x00007ffdddf9c000 	C:\WINDOWS\SYSTEM32\WINHTTP.dll
0x00007ffde5830000 - 0x00007ffde5897000 	C:\WINDOWS\system32\mswsock.dll
0x00007ffdde4a0000 - 0x00007ffdde4b4000 	C:\Program Files\JetBrains\PhpStorm 2022.1\jbr\bin\nio.dll

dbghelp: loaded successfully - version: 4.0.5 - missing functions: none
symbol engine: initialized successfully - sym options: 0x614 - pdb path: .;C:\Program Files\JetBrains\PhpStorm 2022.1\jbr\bin;C:\WINDOWS\SYSTEM32;C:\WINDOWS\WinSxS\amd64_microsoft.windows.common-controls_6595b64144ccf1df_6.0.22000.120_none_9d947278b86cc467;C:\Program Files\JetBrains\PhpStorm 2022.1\jbr\bin\server

VM Arguments:
java_command: git4idea.http.GitAskPassApp Username for 'https://gitlab.com': 
java_class_path (initial): C:/Program Files/JetBrains/PhpStorm 2022.1/plugins/git4idea/lib/git4idea-rt.jar;C:/Program Files/JetBrains/PhpStorm 2022.1/lib/externalProcess-rt.jar;C:/Program Files/JetBrains/PhpStorm 2022.1/lib/app.jar;C:/Program Files/JetBrains/PhpStorm 2022.1/lib/3rd-party-rt.jar
Launcher Type: SUN_STANDARD

[Global flags]
     intx CICompilerCount                          = 4                                         {product} {ergonomic}
     uint ConcGCThreads                            = 2                                         {product} {ergonomic}
     uint G1ConcRefinementThreads                  = 8                                         {product} {ergonomic}
   size_t G1HeapRegionSize                         = 1048576                                   {product} {ergonomic}
    uintx GCDrainStackTargetSize                   = 64                                        {product} {ergonomic}
   size_t InitialHeapSize                          = 132120576                                 {product} {ergonomic}
   size_t MarkStackSize                            = 4194304                                   {product} {ergonomic}
   size_t MaxHeapSize                              = 2086666240                                {product} {ergonomic}
   size_t MaxNewSize                               = 1251999744                                {product} {ergonomic}
   size_t MinHeapDeltaBytes                        = 1048576                                   {product} {ergonomic}
    uintx NonNMethodCodeHeapSize                   = 5836300                                {pd product} {ergonomic}
    uintx NonProfiledCodeHeapSize                  = 122910970                              {pd product} {ergonomic}
    uintx ProfiledCodeHeapSize                     = 122910970                              {pd product} {ergonomic}
    uintx ReservedCodeCacheSize                    = 251658240                              {pd product} {ergonomic}
     bool SegmentedCodeCache                       = true                                      {product} {ergonomic}
     bool UseCompressedClassPointers               = true                                 {lp64_product} {ergonomic}
     bool UseCompressedOops                        = true                                 {lp64_product} {ergonomic}
     bool UseG1GC                                  = true                                      {product} {ergonomic}
     bool UseLargePagesIndividualAllocation        = false                                  {pd product} {ergonomic}

Logging:
Log output configuration:
 #0: stdout all=warning uptime,level,tags
 #1: stderr all=off uptime,level,tags

Environment Variables:
PATH=C:\Program Files\Git\mingw64\libexec\git-core;C:\Program Files\Git\mingw64\libexec\git-core;C:\Program Files\Git\mingw64\bin;C:\Program Files\Git\usr\bin;C:\Users\84921\bin;C:\Windows\system32;C:\Windows;C:\Windows\System32\Wbem;C:\Windows\System32\WindowsPowerShell\v1.0;C:\Windows\System32\OpenSSH;C:\Program Files\NVIDIA Corporation\NVIDIA NvDLISR;C:\WINDOWS\system32;C:\WINDOWS;C:\WINDOWS\System32\Wbem;C:\WINDOWS\System32\WindowsPowerShell\v1.0;C:\WINDOWS\System32\OpenSSH;C:\Program Files\dotnet;C:\Program Files\Git\cmd;C:\Program Files\Microsoft SQL Server\Client SDK\ODBC\170\Tools\Binn;C:\Program Files (x86)\Microsoft SQL Server\150\Tools\Binn;C:\Program Files\Microsoft SQL Server\150\Tools\Binn;C:\Program Files\Microsoft SQL Server\150\DTS\Binn;C:\Program Files\Microsoft SQL Server\130\Tools\Binn;C:\Program Files (x86)\Microsoft SQL Server\150\DTS\Binn;C:\Program Files\Azure Data Studio\bin;D:\xamp\php;C:\composer;C:\Program Files\nodejs;D:\SDK\flutter\bin;C:\Program Files\Docker\Docker\resources\bin;C:\ProgramData\DockerDesktop\version-bin;C:\Users\84921\AppData\Local\Microsoft\WindowsApps;C:\Users\84921\.dotnet\tools;C:\Program Files\Azure Data Studio\bin;C:\Users\84921\AppData\Roaming\Composer\vendor\bin;C:\Users\84921\AppData\Local\Programs\Microsoft VS Code\bin;C:\Users\84921\AppData\Roaming\npm;D:\SDK\flutter\bin
USERNAME=84921
DISPLAY=:0.0
LC_ALL=en_US.UTF-8
OS=Windows_NT
PROCESSOR_IDENTIFIER=Intel64 Family 6 Model 126 Stepping 5, GenuineIntel



---------------  S Y S T E M  ---------------

OS: Windows 11 , 64 bit Build 22000 (10.0.22000.708)
OS uptime: 1 days 2:13 hours
Hyper-V role detected

CPU:total 8 (initial active 8) (4 cores per cpu, 2 threads per core) family 6 model 126 stepping 5 microcode 0xb0, cmov, cx8, fxsr, mmx, sse, sse2, sse3, ssse3, sse4.1, sse4.2, popcnt, avx, avx2, aes, clmul, erms, 3dnowpref, lzcnt, ht, tsc, tscinvbit, bmi1, bmi2, adx, evex, sha, fma

Memory: 4k page, system-wide physical 7959M (384M free)
TotalPageFile size 19414M (AvailPageFile size 1M)
current process WorkingSet (physical memory assigned to process): 51M, peak: 51M
current process commit charge ("private bytes"): 204M, peak: 204M

vm_info: OpenJDK 64-Bit Server VM (11.0.14.1+1-b2043.25) for windows-amd64 JRE (11.0.14.1+1-b2043.25), built on Mar 30 2022 06:22:56 by "" with MS VC++ 14.0 (VS2015)

END.
